0 info it worked if it ends with ok
1 verbose cli [ 'node', '/usr/local/bin/npm', 'update', '-g', 'bower' ]
2 info using npm@2.5.1
3 info using node@v0.12.0
4 verbose node symlink /usr/local/bin/node
5 silly mapToRegistry name bower
6 silly mapToRegistry using default registry
7 silly mapToRegistry registry https://registry.npmjs.org/
8 silly mapToRegistry uri https://registry.npmjs.org/bower
9 verbose request uri https://registry.npmjs.org/bower
10 verbose request no auth needed
11 info attempt registry request try #1 at 13:58:21
12 verbose request id 2ebc9753044ef73c
13 verbose etag "51BJED1C4RZB5W48BK7WRUX2L"
14 http request GET https://registry.npmjs.org/bower
15 http 200 https://registry.npmjs.org/bower
16 silly get cb [ 200,
16 silly get   { date: 'Tue, 07 Apr 2015 18:58:22 GMT',
16 silly get     server: 'CouchDB/1.5.0 (Erlang OTP/R16B03)',
16 silly get     etag: '"O26F2LYVNSJ4250MGIDBGFL1"',
16 silly get     'content-type': 'application/json',
16 silly get     'cache-control': 'max-age=60',
16 silly get     'content-length': '111543',
16 silly get     'accept-ranges': 'bytes',
16 silly get     via: '1.1 varnish',
16 silly get     age: '50',
16 silly get     'x-served-by': 'cache-ord1724-ORD',
16 silly get     'x-cache': 'HIT',
16 silly get     'x-cache-hits': '1',
16 silly get     'x-timer': 'S1428433102.780336,VS0,VE0',
16 silly get     vary: 'Accept',
16 silly get     'keep-alive': 'timeout=10, max=50',
16 silly get     connection: 'Keep-Alive' } ]
17 verbose get saving bower to /Users/pandora/.npm/registry.npmjs.org/bower/.cache.json
18 info outdated updating [ [ '/usr/local/lib', 'bower', '1.3.12', '1.4.1', '1.4.1', 'latest' ] ]
19 verbose install where, what [ '/usr/local/lib', [ 'bower@1.4.1' ] ]
20 silly cache add args [ 'bower@1.4.1', null ]
21 verbose cache add spec bower@1.4.1
22 silly cache add parsed spec { raw: 'bower@1.4.1',
22 silly cache add   scope: null,
22 silly cache add   name: 'bower',
22 silly cache add   rawSpec: '1.4.1',
22 silly cache add   spec: '1.4.1',
22 silly cache add   type: 'version' }
23 verbose addNamed bower@1.4.1
24 silly addNamed semver.valid 1.4.1
25 silly addNamed semver.validRange 1.4.1
26 silly mapToRegistry name bower
27 silly mapToRegistry using default registry
28 silly mapToRegistry registry https://registry.npmjs.org/
29 silly mapToRegistry uri https://registry.npmjs.org/bower
30 verbose addNameVersion registry:https://registry.npmjs.org/bower not in flight; fetching
31 verbose request uri https://registry.npmjs.org/bower
32 verbose request no auth needed
33 info attempt registry request try #1 at 13:58:36
34 verbose etag "O26F2LYVNSJ4250MGIDBGFL1"
35 http request GET https://registry.npmjs.org/bower
36 http 304 https://registry.npmjs.org/bower
37 silly get cb [ 304,
37 silly get   { date: 'Tue, 07 Apr 2015 18:58:38 GMT',
37 silly get     server: 'Apache',
37 silly get     via: '1.1 varnish',
37 silly get     'last-modified': 'Tue, 07 Apr 2015 18:58:38 GMT',
37 silly get     'cache-control': 'max-age=60',
37 silly get     etag: '"O26F2LYVNSJ4250MGIDBGFL1"',
37 silly get     age: '1',
37 silly get     'x-served-by': 'cache-ord1731-ORD',
37 silly get     'x-cache': 'HIT',
37 silly get     'x-cache-hits': '1',
37 silly get     'x-timer': 'S1428433118.072580,VS0,VE0',
37 silly get     vary: 'Accept',
37 silly get     'content-length': '0',
37 silly get     'keep-alive': 'timeout=10, max=50',
37 silly get     connection: 'Keep-Alive' } ]
38 verbose etag https://registry.npmjs.org/bower from cache
39 verbose get saving bower to /Users/pandora/.npm/registry.npmjs.org/bower/.cache.json
40 silly mapToRegistry name bower
41 silly mapToRegistry using default registry
42 silly mapToRegistry registry https://registry.npmjs.org/
43 silly mapToRegistry uri https://registry.npmjs.org/bower
44 verbose addRemoteTarball https://registry.npmjs.org/bower/-/bower-1.4.1.tgz not in flight; adding
45 verbose addRemoteTarball [ 'https://registry.npmjs.org/bower/-/bower-1.4.1.tgz',
45 verbose addRemoteTarball   'a18be39d030792754f30f1c5b32d37b0156ba8dd' ]
46 info retry fetch attempt 1 at 13:58:37
47 info attempt registry request try #1 at 13:58:37
48 http fetch GET https://registry.npmjs.org/bower/-/bower-1.4.1.tgz
49 http fetch 200 https://registry.npmjs.org/bower/-/bower-1.4.1.tgz
50 silly fetchAndShaCheck shasum a18be39d030792754f30f1c5b32d37b0156ba8dd
51 verbose addTmpTarball /var/folders/5h/fh6_dqqj74xdxzgq61ctw0x00000gn/T/npm-6166-e0c8a451/registry.npmjs.org/bower/-/bower-1.4.1.tgz not in flight; adding
52 verbose addTmpTarball already have metadata; skipping unpack for bower@1.4.1
53 silly cache afterAdd bower@1.4.1
54 verbose afterAdd /Users/pandora/.npm/bower/1.4.1/package/package.json not in flight; writing
55 verbose afterAdd /Users/pandora/.npm/bower/1.4.1/package/package.json written
56 silly install resolved [ { name: 'bower',
56 silly install resolved     version: '1.4.1',
56 silly install resolved     description: 'The browser package manager',
56 silly install resolved     author: { name: 'Twitter' },
56 silly install resolved     licenses: [ [Object] ],
56 silly install resolved     repository: { type: 'git', url: 'https://github.com/bower/bower' },
56 silly install resolved     main: 'lib',
56 silly install resolved     homepage: 'http://bower.io',
56 silly install resolved     engines: { node: '>=0.10.0' },
56 silly install resolved     dependencies:
56 silly install resolved      { abbrev: '^1.0.5',
56 silly install resolved        archy: '1.0.0',
56 silly install resolved        'bower-config': '^0.6.1',
56 silly install resolved        'bower-endpoint-parser': '^0.2.2',
56 silly install resolved        'bower-json': '^0.4.0',
56 silly install resolved        'bower-logger': '^0.2.2',
56 silly install resolved        'bower-registry-client': '^0.3.0',
56 silly install resolved        cardinal: '0.4.4',
56 silly install resolved        chalk: '^1.0.0',
56 silly install resolved        chmodr: '0.1.0',
56 silly install resolved        configstore: '^0.3.2',
56 silly install resolved        'decompress-zip': '^0.1.0',
56 silly install resolved        fstream: '^1.0.3',
56 silly install resolved        'fstream-ignore': '^1.0.2',
56 silly install resolved        github: '^0.2.3',
56 silly install resolved        glob: '^4.3.2',
56 silly install resolved        'graceful-fs': '^3.0.5',
56 silly install resolved        handlebars: '^2.0.0',
56 silly install resolved        inquirer: '0.8.0',
56 silly install resolved        insight: '^0.5.0',
56 silly install resolved        'is-root': '^1.0.0',
56 silly install resolved        junk: '^1.0.0',
56 silly install resolved        lockfile: '^1.0.0',
56 silly install resolved        'lru-cache': '^2.5.0',
56 silly install resolved        mkdirp: '0.5.0',
56 silly install resolved        mout: '^0.11.0',
56 silly install resolved        nopt: '^3.0.1',
56 silly install resolved        opn: '^1.0.1',
56 silly install resolved        'p-throttler': '0.1.1',
56 silly install resolved        promptly: '0.2.0',
56 silly install resolved        q: '^1.1.2',
56 silly install resolved        request: '2.53.0',
56 silly install resolved        'request-progress': '0.3.1',
56 silly install resolved        retry: '0.6.1',
56 silly install resolved        rimraf: '^2.2.8',
56 silly install resolved        semver: '^2.3.0',
56 silly install resolved        'shell-quote': '^1.4.2',
56 silly install resolved        'stringify-object': '^1.0.0',
56 silly install resolved        'tar-fs': '^1.4.1',
56 silly install resolved        tmp: '0.0.24',
56 silly install resolved        'update-notifier': '^0.3.0',
56 silly install resolved        'user-home': '^1.1.0',
56 silly install resolved        which: '^1.0.8' },
56 silly install resolved     devDependencies:
56 silly install resolved      { chai: '^1.10.0',
56 silly install resolved        coveralls: '^2.11.2',
56 silly install resolved        'expect.js': '^0.3.1',
56 silly install resolved        grunt: '^0.4.5',
56 silly install resolved        'grunt-cli': '^0.1.13',
56 silly install resolved        'grunt-contrib-jshint': '^0.10.0',
56 silly install resolved        'grunt-contrib-watch': '^0.6.1',
56 silly install resolved        'grunt-exec': '^0.4.6',
56 silly install resolved        'grunt-simple-mocha': '^0.4.0',
56 silly install resolved        istanbul: '^0.3.5',
56 silly install resolved        'load-grunt-tasks': '^2.0.0',
56 silly install resolved        mocha: '^2.1.0',
56 silly install resolved        multiline: '^1.0.2',
56 silly install resolved        nock: '^0.56.0',
56 silly install resolved        'node-uuid': '^1.4.2',
56 silly install resolved        proxyquire: '^1.3.0',
56 silly install resolved        'spawn-sync': '^1.0.5' },
56 silly install resolved     scripts: { test: 'grunt test' },
56 silly install resolved     bin: { bower: 'bin/bower' },
56 silly install resolved     preferGlobal: true,
56 silly install resolved     gitHead: 'a1287416d40f944d58cb8f2e774e2076bfffd32f',
56 silly install resolved     bugs: { url: 'https://github.com/bower/bower/issues' },
56 silly install resolved     _id: 'bower@1.4.1',
56 silly install resolved     _shasum: 'a18be39d030792754f30f1c5b32d37b0156ba8dd',
56 silly install resolved     _from: 'bower@1.4.1',
56 silly install resolved     _npmVersion: '2.7.4',
56 silly install resolved     _nodeVersion: '0.12.0',
56 silly install resolved     _npmUser: { name: 'sheerun', email: 'sheerun@sher.pl' },
56 silly install resolved     maintainers: [ [Object], [Object], [Object], [Object], [Object], [Object] ],
56 silly install resolved     dist:
56 silly install resolved      { shasum: 'a18be39d030792754f30f1c5b32d37b0156ba8dd',
56 silly install resolved        tarball: 'http://registry.npmjs.org/bower/-/bower-1.4.1.tgz' },
56 silly install resolved     directories: {},
56 silly install resolved     _resolved: 'https://registry.npmjs.org/bower/-/bower-1.4.1.tgz' } ]
57 info install bower@1.4.1 into /usr/local/lib
58 info installOne bower@1.4.1
59 verbose installOne of bower to /usr/local/lib not in flight; installing
60 verbose lock using /Users/pandora/.npm/_locks/bower-e8debc5417026b57.lock for /usr/local/lib/node_modules/bower
61 silly install write writing bower 1.4.1 to /usr/local/lib/node_modules/bower
62 silly cache addNamed cb bower@1.4.1
63 verbose unbuild lib/node_modules/bower
64 info preuninstall bower@1.3.12
65 info uninstall bower@1.3.12
66 verbose unbuild rmStuff bower@1.3.12 from /usr/local/lib/node_modules
67 verbose gentlyRm verifying that /usr/local is managed by npm
68 silly isManaged /usr/local/lib/node_modules is inside /usr/local
69 silly gentlyRm /usr/local is managed by npm
70 silly gentlyRm /usr/local/bin/bower is under /usr/local
71 verbose gentlyRm vacuuming /usr/local/bin/bower up to /usr/local
72 silly gentlyRm removing /usr/local/bin/bower
73 silly gentlyRm quitting because other entries in /usr/local/bin
74 info postuninstall bower@1.3.12
75 verbose gentlyRm vacuuming /usr/local/lib/node_modules/bower
76 silly gentlyRm purging /usr/local/lib/node_modules/bower
77 verbose unlock done using /Users/pandora/.npm/_locks/bower-e8debc5417026b57.lock for /usr/local/lib/node_modules/bower
78 verbose stack Error: EACCES, unlink '/usr/local/lib/node_modules/bower/.jshintrc'
78 verbose stack     at Error (native)
79 verbose cwd /Users/pandora/Dropbox/IronYard/Delta
80 error Darwin 14.1.0
81 error argv "node" "/usr/local/bin/npm" "update" "-g" "bower"
82 error node v0.12.0
83 error npm  v2.5.1
84 error path /usr/local/lib/node_modules/bower/.jshintrc
85 error code EACCES
86 error errno -13
87 error Error: EACCES, unlink '/usr/local/lib/node_modules/bower/.jshintrc'
87 error     at Error (native)
87 error  { [Error: EACCES, unlink '/usr/local/lib/node_modules/bower/.jshintrc']
87 error   errno: -13,
87 error   code: 'EACCES',
87 error   path: '/usr/local/lib/node_modules/bower/.jshintrc' }
88 error Please try running this command again as root/Administrator.
89 verbose exit [ -13, true ]
90 verbose unbuild lib/node_modules/bower
91 info preuninstall bower@1.3.12
92 info uninstall bower@1.3.12
93 verbose unbuild rmStuff bower@1.3.12 from /usr/local/lib/node_modules
94 verbose gentlyRm verifying that /usr/local is managed by npm
95 silly isManaged /usr/local is not inside /usr/local/lib/node_modules
96 silly isManaged /usr/local is not inside /usr/local/lib/node_modules
97 silly isManaged /usr/local/bin is inside /usr/local
98 silly gentlyRm /usr/local is managed by npm
99 silly gentlyRm /usr/local/bin/bower is under /usr/local
100 verbose gentlyRm vacuuming /usr/local/bin/bower up to /usr/local
101 info postuninstall bower@1.3.12
102 verbose gentlyRm vacuuming /usr/local/lib/node_modules/bower
103 silly gentlyRm purging /usr/local/lib/node_modules/bower
104 error error rolling back Error: EACCES, unlink '/usr/local/lib/node_modules/bower/.editorconfig'
104 error error rolling back     at Error (native)
104 error error rolling back  { [Error: EACCES, unlink '/usr/local/lib/node_modules/bower/.editorconfig']
104 error error rolling back   errno: -13,
104 error error rolling back   code: 'EACCES',
104 error error rolling back   path: '/usr/local/lib/node_modules/bower/.editorconfig' }
